<?xml version="1.0" encoding="UTF-8"?>
<testsuite name="TestSuite" time="0.018" tests="9" errors="0" skipped="0" failures="0">
  <properties>
    <property name="java.runtime.name" value="Java(TM) SE Runtime Environment"/>
    <property name="sun.boot.library.path" value="C:\Apps\eclipse\EclipseJava\binary\com.sun.java.jdk8.win32.x86_64_1.8.0.v152\jre\bin"/>
    <property name="java.vm.version" value="25.152-b16"/>
    <property name="java.vm.vendor" value="Oracle Corporation"/>
    <property name="maven.multiModuleProjectDirectory" value="C:\Users\uzab\Workspaces\TestAutoKurs\final-assignment-calculator"/>
    <property name="java.vendor.url" value="http://java.oracle.com/"/>
    <property name="path.separator" value=";"/>
    <property name="guice.disable.misplaced.annotation.check" value="true"/>
    <property name="java.vm.name" value="Java HotSpot(TM) 64-Bit Server VM"/>
    <property name="file.encoding.pkg" value="sun.io"/>
    <property name="user.script" value=""/>
    <property name="user.country" value="SE"/>
    <property name="sun.java.launcher" value="SUN_STANDARD"/>
    <property name="sun.os.patch.level" value=""/>
    <property name="java.vm.specification.name" value="Java Virtual Machine Specification"/>
    <property name="user.dir" value="C:\Users\uzab\Workspaces\TestAutoKurs\final-assignment-calculator"/>
    <property name="java.runtime.version" value="1.8.0_152-b16"/>
    <property name="java.awt.graphicsenv" value="sun.awt.Win32GraphicsEnvironment"/>
    <property name="java.endorsed.dirs" value="C:\Apps\eclipse\EclipseJava\binary\com.sun.java.jdk8.win32.x86_64_1.8.0.v152\jre\lib\endorsed"/>
    <property name="os.arch" value="amd64"/>
    <property name="java.io.tmpdir" value="C:\Users\uzab\AppData\Local\Temp\"/>
    <property name="line.separator" value="&#10;"/>
    <property name="java.vm.specification.vendor" value="Oracle Corporation"/>
    <property name="user.variant" value=""/>
    <property name="os.name" value="Windows 10"/>
    <property name="classworlds.conf" value="C:\Users\uzab\Workspaces\TestAutoKurs\.metadata\.plugins\org.eclipse.m2e.launching\launches\m2conf6831618052928636578.tmp"/>
    <property name="sun.jnu.encoding" value="Cp1252"/>
    <property name="java.library.path" value="C:\Apps\eclipse\EclipseJava\binary\com.sun.java.jdk8.win32.x86_64_1.8.0.v152\bin;C:\WINDOWS\Sun\Java\bin;C:\WINDOWS\system32;C:\WINDOWS;C:\Program Files (x86)\Common Files\Oracle\Java\javapath;C:\Apps\IBM\RationalSDLC\common;C:\ProgramData\Oracle\Java\javapath;C:\WINDOWS\system32;C:\WINDOWS;C:\WINDOWS\System32\Wbem;C:\WINDOWS\System32\WindowsPowerShell\v1.0\;c:\Program Files (x86)\Java\jre1.8.0_111\bin\;C:\Apps\IBM\RationalSDLC\ClearCase\bin;C:\Program Files (x86)\IBM\gsk8\lib;C:\Program Files (x86)\IBM\gsk8\bin;C:\Apps\IBM\RationalSDLC\ClearCase\RemoteClient\cteapis;C:\Program Files (x86)\Perl\Bin;C:\Program Files (x86)\Perl\Site\Bin;C:\WINDOWS\System32\OpenSSH\;C:\Apps\M4\m4-1.4.14\bin;C:\Program Files (x86)\zvwin\;C:\Program Files\Git\cmd;c:\Program Files (x86)\Java\jre1.8.0_271\bin\;c:\Program Files\Java\jre1.8.0_271\bin\;C:\Apps\Base\bin;C:\Program Files (x86)\TuxHome\tuxedo12.2.2.0.0_VS2015\bin;\\zv\zv\bin;%USERPROFILE%\AppData\Local\Microsoft\WindowsApps;;."/>
    <property name="java.specification.name" value="Java Platform API Specification"/>
    <property name="java.class.version" value="52.0"/>
    <property name="sun.management.compiler" value="HotSpot 64-Bit Tiered Compilers"/>
    <property name="os.version" value="10.0"/>
    <property name="user.home" value="C:\Users\uzab"/>
    <property name="user.timezone" value="Europe/Berlin"/>
    <property name="java.awt.printerjob" value="sun.awt.windows.WPrinterJob"/>
    <property name="java.specification.version" value="1.8"/>
    <property name="file.encoding" value="UTF-8"/>
    <property name="user.name" value="uzab"/>
    <property name="java.class.path" value="C:\Apps\eclipse\EclipseJava\plugins\org.eclipse.m2e.maven.runtime_1.16.0.20200610-1735\jars\plexus-classworlds-2.6.0.jar"/>
    <property name="java.vm.specification.version" value="1.8"/>
    <property name="sun.arch.data.model" value="64"/>
    <property name="java.home" value="C:\Apps\eclipse\EclipseJava\binary\com.sun.java.jdk8.win32.x86_64_1.8.0.v152\jre"/>
    <property name="sun.java.command" value="org.codehaus.plexus.classworlds.launcher.Launcher -B install"/>
    <property name="java.specification.vendor" value="Oracle Corporation"/>
    <property name="user.language" value="sv"/>
    <property name="awt.toolkit" value="sun.awt.windows.WToolkit"/>
    <property name="java.vm.info" value="mixed mode"/>
    <property name="java.version" value="1.8.0_152"/>
    <property name="java.ext.dirs" value="C:\Apps\eclipse\EclipseJava\binary\com.sun.java.jdk8.win32.x86_64_1.8.0.v152\jre\lib\ext;C:\WINDOWS\Sun\Java\lib\ext"/>
    <property name="sun.boot.class.path" value="C:\Apps\eclipse\EclipseJava\binary\com.sun.java.jdk8.win32.x86_64_1.8.0.v152\jre\lib\resources.jar;C:\Apps\eclipse\EclipseJava\binary\com.sun.java.jdk8.win32.x86_64_1.8.0.v152\jre\lib\rt.jar;C:\Apps\eclipse\EclipseJava\binary\com.sun.java.jdk8.win32.x86_64_1.8.0.v152\jre\lib\sunrsasign.jar;C:\Apps\eclipse\EclipseJava\binary\com.sun.java.jdk8.win32.x86_64_1.8.0.v152\jre\lib\jsse.jar;C:\Apps\eclipse\EclipseJava\binary\com.sun.java.jdk8.win32.x86_64_1.8.0.v152\jre\lib\jce.jar;C:\Apps\eclipse\EclipseJava\binary\com.sun.java.jdk8.win32.x86_64_1.8.0.v152\jre\lib\charsets.jar;C:\Apps\eclipse\EclipseJava\binary\com.sun.java.jdk8.win32.x86_64_1.8.0.v152\jre\lib\jfr.jar;C:\Apps\eclipse\EclipseJava\binary\com.sun.java.jdk8.win32.x86_64_1.8.0.v152\jre\classes"/>
    <property name="java.vendor" value="Oracle Corporation"/>
    <property name="maven.home" value="C:\Users\uzab\Workspaces\TestAutoKurs\final-assignment-calculator\EMBEDDED"/>
    <property name="file.separator" value="\"/>
    <property name="java.vendor.url.bug" value="http://bugreport.sun.com/bugreport/"/>
    <property name="sun.cpu.endian" value="little"/>
    <property name="sun.io.unicode.encoding" value="UnicodeLittle"/>
    <property name="sun.desktop" value="windows"/>
    <property name="sun.cpu.isalist" value="amd64"/>
  </properties>
  <testcase name="testMultiplication on testMultiplication(com.testauto.exam.final_assignment_calculator.BasicCalculatorTest)" classname="com.testauto.exam.final_assignment_calculator.BasicCalculatorTest" time="0.008"/>
  <testcase name="testAddition on testAddition(com.testauto.exam.final_assignment_calculator.BasicCalculatorTest)" classname="com.testauto.exam.final_assignment_calculator.BasicCalculatorTest" time="0"/>
  <testcase name="testDivision on testDivision(com.testauto.exam.final_assignment_calculator.BasicCalculatorTest)" classname="com.testauto.exam.final_assignment_calculator.BasicCalculatorTest" time="0.002"/>
  <testcase name="testSubtraction on testSubtraction(com.testauto.exam.final_assignment_calculator.BasicCalculatorTest)" classname="com.testauto.exam.final_assignment_calculator.BasicCalculatorTest" time="0.002"/>
  <testcase name="testRaisedToThePowerOf on testRaisedToThePowerOf(com.testauto.exam.final_assignment_calculator.AdvancedCalculatorTest)" classname="com.testauto.exam.final_assignment_calculator.AdvancedCalculatorTest" time="0.001"/>
  <testcase name="testMax on testMax(com.testauto.exam.final_assignment_calculator.AdvancedCalculatorTest)" classname="com.testauto.exam.final_assignment_calculator.AdvancedCalculatorTest" time="0.002"/>
  <testcase name="testMin on testMin(com.testauto.exam.final_assignment_calculator.AdvancedCalculatorTest)" classname="com.testauto.exam.final_assignment_calculator.AdvancedCalculatorTest" time="0"/>
  <testcase name="testSquareRoot on testSquareRoot(com.testauto.exam.final_assignment_calculator.AdvancedCalculatorTest)" classname="com.testauto.exam.final_assignment_calculator.AdvancedCalculatorTest" time="0.002"/>
  <testcase name="testSquare on testSquare(com.testauto.exam.final_assignment_calculator.AdvancedCalculatorTest)" classname="com.testauto.exam.final_assignment_calculator.AdvancedCalculatorTest" time="0.001"/>
</testsuite>