<?xml version="1.0" encoding="UTF-8"?>
<!-- Generated by org.testng.reporters.JUnitReportReporter -->
<testsuite hostname="Q08948" name="com.testauto.exam.final_assignment_calculator.BasicCalculatorTest" tests="4" failures="0" timestamp="12 Mar 2021 14:46:15 GMT" time="0.018" errors="0">
  <testcase name="testMultiplication" time="0.011" classname="com.testauto.exam.final_assignment_calculator.BasicCalculatorTest"/>
  <testcase name="testAddition" time="0.002" classname="com.testauto.exam.final_assignment_calculator.BasicCalculatorTest"/>
  <testcase name="testDivision" time="0.003" classname="com.testauto.exam.final_assignment_calculator.BasicCalculatorTest"/>
  <testcase name="testSubtraction" time="0.002" classname="com.testauto.exam.final_assignment_calculator.BasicCalculatorTest"/>
</testsuite> <!-- com.testauto.exam.final_assignment_calculator.BasicCalculatorTest -->
