<?xml version="1.0" encoding="UTF-8"?>
<!-- Generated by org.testng.reporters.JUnitReportReporter -->
<testsuite hostname="Q08948" name="com.testauto.exam.final_assignment_calculator.AdvancedCalculatorTest" tests="5" failures="0" timestamp="12 Mar 2021 14:46:15 GMT" time="0.009" errors="0">
  <testcase name="testSquare" time="0.001" classname="com.testauto.exam.final_assignment_calculator.AdvancedCalculatorTest"/>
  <testcase name="testSquareRoot" time="0.001" classname="com.testauto.exam.final_assignment_calculator.AdvancedCalculatorTest"/>
  <testcase name="testMin" time="0.002" classname="com.testauto.exam.final_assignment_calculator.AdvancedCalculatorTest"/>
  <testcase name="testMax" time="0.003" classname="com.testauto.exam.final_assignment_calculator.AdvancedCalculatorTest"/>
  <testcase name="testRaisedToThePowerOf" time="0.002" classname="com.testauto.exam.final_assignment_calculator.AdvancedCalculatorTest"/>
</testsuite> <!-- com.testauto.exam.final_assignment_calculator.AdvancedCalculatorTest -->
